2020-04-28 14:45:08.336  INFO 15696 --- [restartedMain] cn.edu.scujcc.DiandianApplication        : Starting DiandianApplication on 憨态可拘 with PID 15696 (E:\spring\project\diandian\bin\main started by 憨态可拘 in E:\spring\project\diandian)
2020-04-28 14:45:08.349 DEBUG 15696 --- [restartedMain] cn.edu.scujcc.DiandianApplication        : Running with Spring Boot v2.2.5.RELEASE, Spring v5.2.4.RELEASE
2020-04-28 14:45:08.351  INFO 15696 --- [restartedMain] cn.edu.scujcc.DiandianApplication        : No active profile set, falling back to default profiles: default
2020-04-28 14:45:10.658  INFO 15696 --- [restartedMain] o.s.web.context.ContextLoader            : Root WebApplicationContext: initialization completed in 2129 ms
2020-04-28 14:45:11.864  INFO 15696 --- [restartedMain] cn.edu.scujcc.DiandianApplication        : Started DiandianApplication in 4.083 seconds (JVM running for 7.839)
2020-04-28 14:45:17.338  INFO 15696 --- [http-nio-8005-exec-1] o.s.web.servlet.DispatcherServlet        : Initializing Servlet 'dispatcherServlet'
2020-04-28 14:45:17.351  INFO 15696 --- [http-nio-8005-exec-1] o.s.web.servlet.DispatcherServlet        : Completed initialization in 12 ms
2020-04-28 14:45:17.385  INFO 15696 --- [http-nio-8005-exec-1] cn.edu.scujcc.api.ChannelController      : 正在读取所有频道信息...
2020-04-28 14:45:18.081 DEBUG 15696 --- [http-nio-8005-exec-1] cn.edu.scujcc.api.ChannelController      : 所有频道的数量是：17
2020-04-28 14:46:05.665 DEBUG 15696 --- [http-nio-8005-exec-2] cn.edu.scujcc.api.ChannelController      : 将为频道5e90891e206d6329473f0158新增一条评论：Comment [content=null, author=null, dt=2020-04-28T14:46:05.660502]
2020-04-28 14:47:56.053  INFO 15696 --- [http-nio-8005-exec-5] cn.edu.scujcc.api.ChannelController      : 正在读取所有频道信息...
2020-04-28 14:47:56.061 DEBUG 15696 --- [http-nio-8005-exec-5] cn.edu.scujcc.api.ChannelController      : 所有频道的数量是：17
2020-04-28 14:48:51.747 DEBUG 15696 --- [http-nio-8005-exec-4] cn.edu.scujcc.api.ChannelController      : 将为频道5e90891e206d6329473f0158新增一条评论：Comment [content=null, author=null, dt=2020-04-28T14:48:51.746699600]
2020-04-28 14:49:23.855  INFO 24484 --- [restartedMain] cn.edu.scujcc.DiandianApplication        : Starting DiandianApplication on 憨态可拘 with PID 24484 (E:\spring\project\diandian\bin\main started by 憨态可拘 in E:\spring\project\diandian)
2020-04-28 14:49:23.859 DEBUG 24484 --- [restartedMain] cn.edu.scujcc.DiandianApplication        : Running with Spring Boot v2.2.5.RELEASE, Spring v5.2.4.RELEASE
2020-04-28 14:49:23.859  INFO 24484 --- [restartedMain] cn.edu.scujcc.DiandianApplication        : No active profile set, falling back to default profiles: default
2020-04-28 14:49:25.563  INFO 24484 --- [restartedMain] o.s.web.context.ContextLoader            : Root WebApplicationContext: initialization completed in 1637 ms
2020-04-28 14:49:26.676 ERROR 24484 --- [restartedMain] o.s.b.d.LoggingFailureAnalysisReporter   : 

***************************
APPLICATION FAILED TO START
***************************

Description:

Web server failed to start. Port 8005 was already in use.

Action:

Identify and stop the process that's listening on port 8005 or configure this application to listen on another port.

2020-04-28 14:49:36.759 DEBUG 15696 --- [http-nio-8005-exec-6] cn.edu.scujcc.api.ChannelController      : 将为频道5e90891e206d6329473f0158新增一条评论：Comment [content=null, author=null, dt=2020-04-28T14:49:36.759332900]
2020-04-28 14:49:53.499  INFO 14384 --- [restartedMain] cn.edu.scujcc.DiandianApplication        : Starting DiandianApplication on 憨态可拘 with PID 14384 (E:\spring\project\diandian\bin\main started by 憨态可拘 in E:\spring\project\diandian)
2020-04-28 14:49:53.502 DEBUG 14384 --- [restartedMain] cn.edu.scujcc.DiandianApplication        : Running with Spring Boot v2.2.5.RELEASE, Spring v5.2.4.RELEASE
2020-04-28 14:49:53.502  INFO 14384 --- [restartedMain] cn.edu.scujcc.DiandianApplication        : No active profile set, falling back to default profiles: default
2020-04-28 14:49:54.982  INFO 14384 --- [restartedMain] o.s.web.context.ContextLoader            : Root WebApplicationContext: initialization completed in 1421 ms
2020-04-28 14:49:55.942  INFO 14384 --- [restartedMain] cn.edu.scujcc.DiandianApplication        : Started DiandianApplication in 2.805 seconds (JVM running for 5.558)
2020-04-28 14:50:08.648  INFO 14384 --- [http-nio-8005-exec-1] o.s.web.servlet.DispatcherServlet        : Initializing Servlet 'dispatcherServlet'
2020-04-28 14:50:08.654  INFO 14384 --- [http-nio-8005-exec-1] o.s.web.servlet.DispatcherServlet        : Completed initialization in 5 ms
2020-04-28 14:50:08.752 DEBUG 14384 --- [http-nio-8005-exec-1] cn.edu.scujcc.api.ChannelController      : 将为频道5e90891e206d6329473f0158新增一条评论：Comment [content=null, author=null, dt=2020-04-28T14:50:08.747145]
2020-04-28 15:05:46.067 DEBUG 14384 --- [http-nio-8005-exec-3] cn.edu.scujcc.api.ChannelController      : 将为频道5e90891e206d6329473f0158新增一条评论：Comment [content=, author=, dt=null]
2020-04-28 15:06:48.011  WARN 14384 --- [http-nio-8005-exec-5] .w.s.m.s.DefaultHandlerExceptionResolver : Resolved [org.springframework.http.converter.HttpMessageNotReadableException: Invalid JSON input: Cannot deserialize value of type `java.time.LocalDateTime` from String "2020-15-06 15:06": Failed to deserialize java.time.LocalDateTime: (java.time.format.DateTimeParseException) Text '2020-15-06 15:06' could not be parsed at index 16; nested exception is com.fasterxml.jackson.databind.exc.InvalidFormatException: Cannot deserialize value of type `java.time.LocalDateTime` from String "2020-15-06 15:06": Failed to deserialize java.time.LocalDateTime: (java.time.format.DateTimeParseException) Text '2020-15-06 15:06' could not be parsed at index 16
 at [Source: (PushbackInputStream); line: 4, column: 11] (through reference chain: cn.edu.scujcc.model.Comment["dt"])]
2020-04-28 15:07:33.439  WARN 14384 --- [http-nio-8005-exec-6] .w.s.m.s.DefaultHandlerExceptionResolver : Resolved [org.springframework.http.converter.HttpMessageNotReadableException: Invalid JSON input: Cannot deserialize value of type `java.time.LocalDateTime` from String "2020-15-06 15:06:23": Failed to deserialize java.time.LocalDateTime: (java.time.format.DateTimeParseException) Text '2020-15-06 15:06:23' could not be parsed: Invalid value for MonthOfYear (valid values 1 - 12): 15; nested exception is com.fasterxml.jackson.databind.exc.InvalidFormatException: Cannot deserialize value of type `java.time.LocalDateTime` from String "2020-15-06 15:06:23": Failed to deserialize java.time.LocalDateTime: (java.time.format.DateTimeParseException) Text '2020-15-06 15:06:23' could not be parsed: Invalid value for MonthOfYear (valid values 1 - 12): 15
 at [Source: (PushbackInputStream); line: 4, column: 11] (through reference chain: cn.edu.scujcc.model.Comment["dt"])]
2020-04-28 15:07:57.560 DEBUG 14384 --- [http-nio-8005-exec-7] cn.edu.scujcc.api.ChannelController      : 将为频道5e90891e206d6329473f0158新增一条评论：Comment [content=小孙, author=你在干嘛呀, dt=2020-04-28T14:47:56]
2020-04-28 15:09:06.622 DEBUG 14384 --- [http-nio-8005-exec-9] cn.edu.scujcc.api.ChannelController      : 将为频道5e90891e206d6329473f0158新增一条评论：Comment [content=小孙, author=你在干嘛呀, dt=2020-04-06T15:06:23]
2020-04-28 15:11:52.833  INFO 14384 --- [restartedMain] cn.edu.scujcc.DiandianApplication        : Starting DiandianApplication on 憨态可拘 with PID 14384 (E:\spring\project\diandian\bin\main started by 憨态可拘 in E:\spring\project\diandian)
2020-04-28 15:11:52.834 DEBUG 14384 --- [restartedMain] cn.edu.scujcc.DiandianApplication        : Running with Spring Boot v2.2.5.RELEASE, Spring v5.2.4.RELEASE
2020-04-28 15:11:52.835  INFO 14384 --- [restartedMain] cn.edu.scujcc.DiandianApplication        : No active profile set, falling back to default profiles: default
2020-04-28 15:11:53.448  INFO 14384 --- [restartedMain] o.s.web.context.ContextLoader            : Root WebApplicationContext: initialization completed in 603 ms
2020-04-28 15:11:53.786  INFO 14384 --- [restartedMain] cn.edu.scujcc.DiandianApplication        : Started DiandianApplication in 1.056 seconds (JVM running for 1323.401)
2020-04-28 15:27:13.641  INFO 14384 --- [restartedMain] cn.edu.scujcc.DiandianApplication        : Starting DiandianApplication on 憨态可拘 with PID 14384 (E:\spring\project\diandian\bin\main started by 憨态可拘 in E:\spring\project\diandian)
2020-04-28 15:27:13.641 DEBUG 14384 --- [restartedMain] cn.edu.scujcc.DiandianApplication        : Running with Spring Boot v2.2.5.RELEASE, Spring v5.2.4.RELEASE
2020-04-28 15:27:13.642  INFO 14384 --- [restartedMain] cn.edu.scujcc.DiandianApplication        : No active profile set, falling back to default profiles: default
2020-04-28 15:27:14.055  INFO 14384 --- [restartedMain] o.s.web.context.ContextLoader            : Root WebApplicationContext: initialization completed in 410 ms
2020-04-28 15:27:14.257  INFO 14384 --- [restartedMain] cn.edu.scujcc.DiandianApplication        : Started DiandianApplication in 0.666 seconds (JVM running for 2243.873)
2020-04-28 15:27:26.930  INFO 14384 --- [http-nio-8005-exec-1] o.s.web.servlet.DispatcherServlet        : Initializing Servlet 'dispatcherServlet'
2020-04-28 15:27:26.936  INFO 14384 --- [http-nio-8005-exec-1] o.s.web.servlet.DispatcherServlet        : Completed initialization in 4 ms
2020-04-28 15:27:26.942 DEBUG 14384 --- [http-nio-8005-exec-1] cn.edu.scujcc.api.ChannelController      : 将为频道5e90891e206d6329473f0158新增一条评论：Comment [content=小孙, author=你在干嘛呀, dt=2020-04-06T15:06:23]
2020-04-28 15:27:31.615  INFO 14384 --- [http-nio-8005-exec-2] cn.edu.scujcc.api.ChannelController      : 正在读取所有频道信息...
2020-04-28 15:27:31.754 DEBUG 14384 --- [http-nio-8005-exec-2] cn.edu.scujcc.api.ChannelController      : 所有频道的数量是：17
2020-04-28 15:29:07.811 DEBUG 14384 --- [http-nio-8005-exec-4] cn.edu.scujcc.api.ChannelController      : 将为频道5e90891e206d6329473f0158新增一条评论：Comment [content=你在干嘛呀, author=小孙, dt=2020-04-06T15:06:23]
2020-04-28 15:29:31.093  INFO 14384 --- [http-nio-8005-exec-5] cn.edu.scujcc.api.ChannelController      : 正在读取所有频道信息...
2020-04-28 15:29:31.099 DEBUG 14384 --- [http-nio-8005-exec-5] cn.edu.scujcc.api.ChannelController      : 所有频道的数量是：17
2020-04-28 15:30:22.719 DEBUG 14384 --- [http-nio-8005-exec-6] cn.edu.scujcc.api.ChannelController      : 将为频道5e90891e206d6329473f0158新增一条评论：Comment [content=小孙, author=你在干嘛呀, dt=2020-04-28T15:30:22.719786]
2020-04-28 15:30:58.589  INFO 14384 --- [http-nio-8005-exec-7] cn.edu.scujcc.api.ChannelController      : 正在读取所有频道信息...
2020-04-28 15:30:58.598 DEBUG 14384 --- [http-nio-8005-exec-7] cn.edu.scujcc.api.ChannelController      : 所有频道的数量是：17
2020-04-28 15:31:18.030 DEBUG 14384 --- [http-nio-8005-exec-8] cn.edu.scujcc.api.ChannelController      : 将为频道5e90891e206d6329473f0158新增一条评论：Comment [content=小孙, author=你在干嘛呀, dt=2020-04-28T15:31:18.029492100]
2020-04-28 15:31:21.038  INFO 14384 --- [http-nio-8005-exec-9] cn.edu.scujcc.api.ChannelController      : 正在读取所有频道信息...
2020-04-28 15:31:21.044 DEBUG 14384 --- [http-nio-8005-exec-9] cn.edu.scujcc.api.ChannelController      : 所有频道的数量是：17
2020-04-28 15:33:37.142  INFO 14384 --- [restartedMain] cn.edu.scujcc.DiandianApplication        : Starting DiandianApplication on 憨态可拘 with PID 14384 (E:\spring\project\diandian\bin\main started by 憨态可拘 in E:\spring\project\diandian)
2020-04-28 15:33:37.143 DEBUG 14384 --- [restartedMain] cn.edu.scujcc.DiandianApplication        : Running with Spring Boot v2.2.5.RELEASE, Spring v5.2.4.RELEASE
2020-04-28 15:33:37.144  INFO 14384 --- [restartedMain] cn.edu.scujcc.DiandianApplication        : No active profile set, falling back to default profiles: default
2020-04-28 15:33:37.578  INFO 14384 --- [restartedMain] o.s.web.context.ContextLoader            : Root WebApplicationContext: initialization completed in 428 ms
2020-04-28 15:33:37.824  INFO 14384 --- [restartedMain] cn.edu.scujcc.DiandianApplication        : Started DiandianApplication in 0.769 seconds (JVM running for 2627.439)
2020-04-28 15:33:40.989  INFO 14384 --- [http-nio-8005-exec-1] o.s.web.servlet.DispatcherServlet        : Initializing Servlet 'dispatcherServlet'
2020-04-28 15:33:40.993  INFO 14384 --- [http-nio-8005-exec-1] o.s.web.servlet.DispatcherServlet        : Completed initialization in 3 ms
2020-04-28 15:33:41.001 DEBUG 14384 --- [http-nio-8005-exec-1] cn.edu.scujcc.api.ChannelController      : 将为频道5e90891e206d6329473f0158新增一条评论：Comment [content=小孙, author=你在干嘛呀, dt=2020-04-28T15:33:41.000102]
2020-04-28 15:33:52.420  INFO 14384 --- [http-nio-8005-exec-2] cn.edu.scujcc.api.ChannelController      : 正在读取所有频道信息...
2020-04-28 15:33:52.425 DEBUG 14384 --- [http-nio-8005-exec-2] cn.edu.scujcc.api.ChannelController      : 所有频道的数量是：17
2020-04-28 15:43:54.861  INFO 14384 --- [restartedMain] cn.edu.scujcc.DiandianApplication        : Starting DiandianApplication on 憨态可拘 with PID 14384 (E:\spring\project\diandian\bin\main started by 憨态可拘 in E:\spring\project\diandian)
2020-04-28 15:43:54.861 DEBUG 14384 --- [restartedMain] cn.edu.scujcc.DiandianApplication        : Running with Spring Boot v2.2.5.RELEASE, Spring v5.2.4.RELEASE
2020-04-28 15:43:54.861  INFO 14384 --- [restartedMain] cn.edu.scujcc.DiandianApplication        : No active profile set, falling back to default profiles: default
2020-04-28 15:43:55.175  INFO 14384 --- [restartedMain] o.s.web.context.ContextLoader            : Root WebApplicationContext: initialization completed in 312 ms
2020-04-28 15:43:55.316  INFO 14384 --- [restartedMain] cn.edu.scujcc.DiandianApplication        : Started DiandianApplication in 0.501 seconds (JVM running for 3244.932)
2020-04-28 15:44:26.158  INFO 14384 --- [restartedMain] cn.edu.scujcc.DiandianApplication        : Starting DiandianApplication on 憨态可拘 with PID 14384 (E:\spring\project\diandian\bin\main started by 憨态可拘 in E:\spring\project\diandian)
2020-04-28 15:44:26.159 DEBUG 14384 --- [restartedMain] cn.edu.scujcc.DiandianApplication        : Running with Spring Boot v2.2.5.RELEASE, Spring v5.2.4.RELEASE
2020-04-28 15:44:26.159  INFO 14384 --- [restartedMain] cn.edu.scujcc.DiandianApplication        : No active profile set, falling back to default profiles: default
2020-04-28 15:44:26.460  INFO 14384 --- [restartedMain] o.s.web.context.ContextLoader            : Root WebApplicationContext: initialization completed in 298 ms
2020-04-28 15:44:26.629  INFO 14384 --- [restartedMain] cn.edu.scujcc.DiandianApplication        : Started DiandianApplication in 0.515 seconds (JVM running for 3276.244)
2020-04-28 15:45:40.700  INFO 14384 --- [restartedMain] cn.edu.scujcc.DiandianApplication        : Starting DiandianApplication on 憨态可拘 with PID 14384 (E:\spring\project\diandian\bin\main started by 憨态可拘 in E:\spring\project\diandian)
2020-04-28 15:45:40.700 DEBUG 14384 --- [restartedMain] cn.edu.scujcc.DiandianApplication        : Running with Spring Boot v2.2.5.RELEASE, Spring v5.2.4.RELEASE
2020-04-28 15:45:40.700  INFO 14384 --- [restartedMain] cn.edu.scujcc.DiandianApplication        : No active profile set, falling back to default profiles: default
2020-04-28 15:45:41.069  INFO 14384 --- [restartedMain] o.s.web.context.ContextLoader            : Root WebApplicationContext: initialization completed in 365 ms
2020-04-28 15:45:41.213  INFO 14384 --- [restartedMain] cn.edu.scujcc.DiandianApplication        : Started DiandianApplication in 0.557 seconds (JVM running for 3350.829)
2020-04-28 15:46:38.728  INFO 14384 --- [restartedMain] cn.edu.scujcc.DiandianApplication        : Starting DiandianApplication on 憨态可拘 with PID 14384 (E:\spring\project\diandian\bin\main started by 憨态可拘 in E:\spring\project\diandian)
2020-04-28 15:46:38.729 DEBUG 14384 --- [restartedMain] cn.edu.scujcc.DiandianApplication        : Running with Spring Boot v2.2.5.RELEASE, Spring v5.2.4.RELEASE
2020-04-28 15:46:38.730  INFO 14384 --- [restartedMain] cn.edu.scujcc.DiandianApplication        : No active profile set, falling back to default profiles: default
2020-04-28 15:46:39.121  INFO 14384 --- [restartedMain] o.s.web.context.ContextLoader            : Root WebApplicationContext: initialization completed in 389 ms
2020-04-28 15:46:39.314  INFO 14384 --- [restartedMain] cn.edu.scujcc.DiandianApplication        : Started DiandianApplication in 0.637 seconds (JVM running for 3408.93)
2020-04-28 15:46:49.206  INFO 14384 --- [http-nio-8005-exec-1] o.s.web.servlet.DispatcherServlet        : Initializing Servlet 'dispatcherServlet'
2020-04-28 15:46:49.209  INFO 14384 --- [http-nio-8005-exec-1] o.s.web.servlet.DispatcherServlet        : Completed initialization in 2 ms
2020-04-28 15:46:49.219 DEBUG 14384 --- [http-nio-8005-exec-1] cn.edu.scujcc.api.ChannelController      : 将为频道5e90891e206d6329473f0158新增一条评论：Comment [content=小孙, author=你在干嘛呀, dt=2020-04-28T15:46:49.217935500]
2020-04-28 15:46:53.181  INFO 14384 --- [http-nio-8005-exec-2] cn.edu.scujcc.api.ChannelController      : 正在读取所有频道信息...
2020-04-28 15:46:53.190 DEBUG 14384 --- [http-nio-8005-exec-2] cn.edu.scujcc.api.ChannelController      : 所有频道的数量是：17
2020-04-28 15:52:15.084  INFO 14384 --- [restartedMain] cn.edu.scujcc.DiandianApplication        : Starting DiandianApplication on 憨态可拘 with PID 14384 (E:\spring\project\diandian\bin\main started by 憨态可拘 in E:\spring\project\diandian)
2020-04-28 15:52:15.084 DEBUG 14384 --- [restartedMain] cn.edu.scujcc.DiandianApplication        : Running with Spring Boot v2.2.5.RELEASE, Spring v5.2.4.RELEASE
2020-04-28 15:52:15.084  INFO 14384 --- [restartedMain] cn.edu.scujcc.DiandianApplication        : No active profile set, falling back to default profiles: default
2020-04-28 15:52:15.405  INFO 14384 --- [restartedMain] o.s.web.context.ContextLoader            : Root WebApplicationContext: initialization completed in 318 ms
2020-04-28 15:52:15.566  INFO 14384 --- [restartedMain] cn.edu.scujcc.DiandianApplication        : Started DiandianApplication in 0.519 seconds (JVM running for 3745.182)
2020-04-28 15:52:28.610  INFO 14384 --- [restartedMain] cn.edu.scujcc.DiandianApplication        : Starting DiandianApplication on 憨态可拘 with PID 14384 (E:\spring\project\diandian\bin\main started by 憨态可拘 in E:\spring\project\diandian)
2020-04-28 15:52:28.610 DEBUG 14384 --- [restartedMain] cn.edu.scujcc.DiandianApplication        : Running with Spring Boot v2.2.5.RELEASE, Spring v5.2.4.RELEASE
2020-04-28 15:52:28.611  INFO 14384 --- [restartedMain] cn.edu.scujcc.DiandianApplication        : No active profile set, falling back to default profiles: default
2020-04-28 15:52:28.974  INFO 14384 --- [restartedMain] o.s.web.context.ContextLoader            : Root WebApplicationContext: initialization completed in 361 ms
2020-04-28 15:52:29.120  INFO 14384 --- [restartedMain] cn.edu.scujcc.DiandianApplication        : Started DiandianApplication in 0.557 seconds (JVM running for 3758.736)
2020-04-28 15:56:20.162  INFO 14384 --- [restartedMain] cn.edu.scujcc.DiandianApplication        : Starting DiandianApplication on 憨态可拘 with PID 14384 (E:\spring\project\diandian\bin\main started by 憨态可拘 in E:\spring\project\diandian)
2020-04-28 15:56:20.163 DEBUG 14384 --- [restartedMain] cn.edu.scujcc.DiandianApplication        : Running with Spring Boot v2.2.5.RELEASE, Spring v5.2.4.RELEASE
2020-04-28 15:56:20.163  INFO 14384 --- [restartedMain] cn.edu.scujcc.DiandianApplication        : No active profile set, falling back to default profiles: default
2020-04-28 15:56:20.481  INFO 14384 --- [restartedMain] o.s.web.context.ContextLoader            : Root WebApplicationContext: initialization completed in 315 ms
2020-04-28 15:56:20.641  INFO 14384 --- [restartedMain] cn.edu.scujcc.DiandianApplication        : Started DiandianApplication in 0.522 seconds (JVM running for 3990.256)
2020-04-28 15:56:21.750  INFO 18448 --- [restartedMain] cn.edu.scujcc.DiandianApplication        : Starting DiandianApplication on 憨态可拘 with PID 18448 (E:\spring\project\diandian\bin\main started by 憨态可拘 in E:\spring\project\diandian)
2020-04-28 15:56:21.755 DEBUG 18448 --- [restartedMain] cn.edu.scujcc.DiandianApplication        : Running with Spring Boot v2.2.5.RELEASE, Spring v5.2.4.RELEASE
2020-04-28 15:56:21.756  INFO 18448 --- [restartedMain] cn.edu.scujcc.DiandianApplication        : No active profile set, falling back to default profiles: default
2020-04-28 15:56:23.269  INFO 18448 --- [restartedMain] o.s.web.context.ContextLoader            : Root WebApplicationContext: initialization completed in 1454 ms
2020-04-28 15:56:24.268 ERROR 18448 --- [restartedMain] o.s.b.d.LoggingFailureAnalysisReporter   : 

***************************
APPLICATION FAILED TO START
***************************

Description:

Web server failed to start. Port 8005 was already in use.

Action:

Identify and stop the process that's listening on port 8005 or configure this application to listen on another port.

2020-04-28 16:03:36.228  INFO 14384 --- [restartedMain] cn.edu.scujcc.DiandianApplication        : Starting DiandianApplication on 憨态可拘 with PID 14384 (E:\spring\project\diandian\bin\main started by 憨态可拘 in E:\spring\project\diandian)
2020-04-28 16:03:36.228 DEBUG 14384 --- [restartedMain] cn.edu.scujcc.DiandianApplication        : Running with Spring Boot v2.2.5.RELEASE, Spring v5.2.4.RELEASE
2020-04-28 16:03:36.229  INFO 14384 --- [restartedMain] cn.edu.scujcc.DiandianApplication        : No active profile set, falling back to default profiles: default
2020-04-28 16:03:36.478  INFO 14384 --- [restartedMain] o.s.web.context.ContextLoader            : Root WebApplicationContext: initialization completed in 246 ms
2020-04-28 16:03:36.612  INFO 14384 --- [restartedMain] cn.edu.scujcc.DiandianApplication        : Started DiandianApplication in 0.422 seconds (JVM running for 4426.228)
2020-04-28 16:03:51.747  INFO 26132 --- [restartedMain] cn.edu.scujcc.DiandianApplication        : Starting DiandianApplication on 憨态可拘 with PID 26132 (E:\spring\project\diandian\bin\main started by 憨态可拘 in E:\spring\project\diandian)
2020-04-28 16:03:51.753 DEBUG 26132 --- [restartedMain] cn.edu.scujcc.DiandianApplication        : Running with Spring Boot v2.2.5.RELEASE, Spring v5.2.4.RELEASE
2020-04-28 16:03:51.754  INFO 26132 --- [restartedMain] cn.edu.scujcc.DiandianApplication        : No active profile set, falling back to default profiles: default
2020-04-28 16:03:53.207  INFO 26132 --- [restartedMain] o.s.web.context.ContextLoader            : Root WebApplicationContext: initialization completed in 1400 ms
2020-04-28 16:03:54.183  INFO 26132 --- [restartedMain] cn.edu.scujcc.DiandianApplication        : Started DiandianApplication in 2.779 seconds (JVM running for 5.116)
2020-04-28 16:04:22.551  INFO 26132 --- [http-nio-8005-exec-1] o.s.web.servlet.DispatcherServlet        : Initializing Servlet 'dispatcherServlet'
2020-04-28 16:04:22.560  INFO 26132 --- [http-nio-8005-exec-1] o.s.web.servlet.DispatcherServlet        : Completed initialization in 8 ms
2020-04-28 16:04:22.609  WARN 26132 --- [http-nio-8005-exec-1] .w.s.m.s.DefaultHandlerExceptionResolver : Resolved [org.springframework.http.converter.HttpMessageNotReadableException: Required request body is missing: public void cn.edu.scujcc.api.ChannelController.getComment(java.lang.String,cn.edu.scujcc.model.Comment)]
2020-04-28 16:17:13.881  INFO 26132 --- [restartedMain] cn.edu.scujcc.DiandianApplication        : Starting DiandianApplication on 憨态可拘 with PID 26132 (E:\spring\project\diandian\bin\main started by 憨态可拘 in E:\spring\project\diandian)
2020-04-28 16:17:13.882 DEBUG 26132 --- [restartedMain] cn.edu.scujcc.DiandianApplication        : Running with Spring Boot v2.2.5.RELEASE, Spring v5.2.4.RELEASE
2020-04-28 16:17:13.882  INFO 26132 --- [restartedMain] cn.edu.scujcc.DiandianApplication        : No active profile set, falling back to default profiles: default
2020-04-28 16:17:14.449  INFO 26132 --- [restartedMain] o.s.web.context.ContextLoader            : Root WebApplicationContext: initialization completed in 562 ms
2020-04-28 16:17:14.670  INFO 26132 --- [restartedMain] cn.edu.scujcc.DiandianApplication        : Started DiandianApplication in 0.862 seconds (JVM running for 805.604)
2020-04-28 16:17:31.787  INFO 26132 --- [http-nio-8005-exec-1] o.s.web.servlet.DispatcherServlet        : Initializing Servlet 'dispatcherServlet'
2020-04-28 16:17:31.796  INFO 26132 --- [http-nio-8005-exec-1] o.s.web.servlet.DispatcherServlet        : Completed initialization in 8 ms
2020-04-28 16:17:31.804 DEBUG 26132 --- [http-nio-8005-exec-1] cn.edu.scujcc.api.ChannelController      : 热门评论null
2020-04-28 16:18:16.010  INFO 26132 --- [restartedMain] cn.edu.scujcc.DiandianApplication        : Starting DiandianApplication on 憨态可拘 with PID 26132 (E:\spring\project\diandian\bin\main started by 憨态可拘 in E:\spring\project\diandian)
2020-04-28 16:18:16.011 DEBUG 26132 --- [restartedMain] cn.edu.scujcc.DiandianApplication        : Running with Spring Boot v2.2.5.RELEASE, Spring v5.2.4.RELEASE
2020-04-28 16:18:16.011  INFO 26132 --- [restartedMain] cn.edu.scujcc.DiandianApplication        : No active profile set, falling back to default profiles: default
2020-04-28 16:18:16.549  INFO 26132 --- [restartedMain] o.s.web.context.ContextLoader            : Root WebApplicationContext: initialization completed in 532 ms
2020-04-28 16:18:16.757  INFO 26132 --- [restartedMain] cn.edu.scujcc.DiandianApplication        : Started DiandianApplication in 0.811 seconds (JVM running for 867.691)
2020-04-28 16:19:28.547  INFO 21520 --- [restartedMain] cn.edu.scujcc.DiandianApplication        : Starting DiandianApplication on 憨态可拘 with PID 21520 (E:\spring\project\diandian\bin\main started by 憨态可拘 in E:\spring\project\diandian)
2020-04-28 16:19:28.561 DEBUG 21520 --- [restartedMain] cn.edu.scujcc.DiandianApplication        : Running with Spring Boot v2.2.5.RELEASE, Spring v5.2.4.RELEASE
2020-04-28 16:19:28.563  INFO 21520 --- [restartedMain] cn.edu.scujcc.DiandianApplication        : No active profile set, falling back to default profiles: default
2020-04-28 16:19:30.449  INFO 21520 --- [restartedMain] o.s.web.context.ContextLoader            : Root WebApplicationContext: initialization completed in 1792 ms
2020-04-28 16:19:31.680  INFO 21520 --- [restartedMain] cn.edu.scujcc.DiandianApplication        : Started DiandianApplication in 3.673 seconds (JVM running for 6.996)
2020-04-28 16:20:27.935  INFO 21520 --- [restartedMain] cn.edu.scujcc.DiandianApplication        : Starting DiandianApplication on 憨态可拘 with PID 21520 (E:\spring\project\diandian\bin\main started by 憨态可拘 in E:\spring\project\diandian)
2020-04-28 16:20:27.936 DEBUG 21520 --- [restartedMain] cn.edu.scujcc.DiandianApplication        : Running with Spring Boot v2.2.5.RELEASE, Spring v5.2.4.RELEASE
2020-04-28 16:20:27.936  INFO 21520 --- [restartedMain] cn.edu.scujcc.DiandianApplication        : No active profile set, falling back to default profiles: default
2020-04-28 16:20:28.481  INFO 21520 --- [restartedMain] o.s.web.context.ContextLoader            : Root WebApplicationContext: initialization completed in 538 ms
2020-04-28 16:20:28.755  INFO 21520 --- [restartedMain] cn.edu.scujcc.DiandianApplication        : Started DiandianApplication in 0.884 seconds (JVM running for 64.07)
2020-04-28 16:35:50.448  INFO 21520 --- [restartedMain] cn.edu.scujcc.DiandianApplication        : Starting DiandianApplication on 憨态可拘 with PID 21520 (E:\spring\project\diandian\bin\main started by 憨态可拘 in E:\spring\project\diandian)
2020-04-28 16:35:50.449 DEBUG 21520 --- [restartedMain] cn.edu.scujcc.DiandianApplication        : Running with Spring Boot v2.2.5.RELEASE, Spring v5.2.4.RELEASE
2020-04-28 16:35:50.449  INFO 21520 --- [restartedMain] cn.edu.scujcc.DiandianApplication        : No active profile set, falling back to default profiles: default
2020-04-28 16:35:50.930  INFO 21520 --- [restartedMain] o.s.web.context.ContextLoader            : Root WebApplicationContext: initialization completed in 476 ms
2020-04-28 16:35:51.170  INFO 21520 --- [restartedMain] cn.edu.scujcc.DiandianApplication        : Started DiandianApplication in 0.791 seconds (JVM running for 986.486)
2020-04-28 16:36:42.287  INFO 21520 --- [restartedMain] cn.edu.scujcc.DiandianApplication        : Starting DiandianApplication on 憨态可拘 with PID 21520 (E:\spring\project\diandian\bin\main started by 憨态可拘 in E:\spring\project\diandian)
2020-04-28 16:36:42.288 DEBUG 21520 --- [restartedMain] cn.edu.scujcc.DiandianApplication        : Running with Spring Boot v2.2.5.RELEASE, Spring v5.2.4.RELEASE
2020-04-28 16:36:42.288  INFO 21520 --- [restartedMain] cn.edu.scujcc.DiandianApplication        : No active profile set, falling back to default profiles: default
2020-04-28 16:36:42.771  INFO 21520 --- [restartedMain] o.s.web.context.ContextLoader            : Root WebApplicationContext: initialization completed in 474 ms
2020-04-28 16:36:43.000  INFO 21520 --- [restartedMain] cn.edu.scujcc.DiandianApplication        : Started DiandianApplication in 0.791 seconds (JVM running for 1038.316)
2020-04-28 16:37:30.197  INFO 21520 --- [restartedMain] cn.edu.scujcc.DiandianApplication        : Starting DiandianApplication on 憨态可拘 with PID 21520 (E:\spring\project\diandian\bin\main started by 憨态可拘 in E:\spring\project\diandian)
2020-04-28 16:37:30.197 DEBUG 21520 --- [restartedMain] cn.edu.scujcc.DiandianApplication        : Running with Spring Boot v2.2.5.RELEASE, Spring v5.2.4.RELEASE
2020-04-28 16:37:30.198  INFO 21520 --- [restartedMain] cn.edu.scujcc.DiandianApplication        : No active profile set, falling back to default profiles: default
2020-04-28 16:37:30.623  INFO 21520 --- [restartedMain] o.s.web.context.ContextLoader            : Root WebApplicationContext: initialization completed in 417 ms
2020-04-28 16:37:30.805  INFO 21520 --- [restartedMain] cn.edu.scujcc.DiandianApplication        : Started DiandianApplication in 0.674 seconds (JVM running for 1086.121)
2020-04-28 16:38:38.022  INFO 21520 --- [restartedMain] cn.edu.scujcc.DiandianApplication        : Starting DiandianApplication on 憨态可拘 with PID 21520 (E:\spring\project\diandian\bin\main started by 憨态可拘 in E:\spring\project\diandian)
2020-04-28 16:38:38.023 DEBUG 21520 --- [restartedMain] cn.edu.scujcc.DiandianApplication        : Running with Spring Boot v2.2.5.RELEASE, Spring v5.2.4.RELEASE
2020-04-28 16:38:38.023  INFO 21520 --- [restartedMain] cn.edu.scujcc.DiandianApplication        : No active profile set, falling back to default profiles: default
2020-04-28 16:38:38.513  INFO 21520 --- [restartedMain] o.s.web.context.ContextLoader            : Root WebApplicationContext: initialization completed in 486 ms
2020-04-28 16:38:38.715  INFO 21520 --- [restartedMain] cn.edu.scujcc.DiandianApplication        : Started DiandianApplication in 0.762 seconds (JVM running for 1154.031)
2020-04-28 16:39:15.830  INFO 21520 --- [restartedMain] cn.edu.scujcc.DiandianApplication        : Starting DiandianApplication on 憨态可拘 with PID 21520 (E:\spring\project\diandian\bin\main started by 憨态可拘 in E:\spring\project\diandian)
2020-04-28 16:39:15.831 DEBUG 21520 --- [restartedMain] cn.edu.scujcc.DiandianApplication        : Running with Spring Boot v2.2.5.RELEASE, Spring v5.2.4.RELEASE
2020-04-28 16:39:15.831  INFO 21520 --- [restartedMain] cn.edu.scujcc.DiandianApplication        : No active profile set, falling back to default profiles: default
2020-04-28 16:39:16.208  INFO 21520 --- [restartedMain] o.s.web.context.ContextLoader            : Root WebApplicationContext: initialization completed in 372 ms
2020-04-28 16:39:16.398  INFO 21520 --- [restartedMain] cn.edu.scujcc.DiandianApplication        : Started DiandianApplication in 0.635 seconds (JVM running for 1191.713)
2020-04-28 16:40:37.937  INFO 21520 --- [restartedMain] cn.edu.scujcc.DiandianApplication        : Starting DiandianApplication on 憨态可拘 with PID 21520 (E:\spring\project\diandian\bin\main started by 憨态可拘 in E:\spring\project\diandian)
2020-04-28 16:40:37.938 DEBUG 21520 --- [restartedMain] cn.edu.scujcc.DiandianApplication        : Running with Spring Boot v2.2.5.RELEASE, Spring v5.2.4.RELEASE
2020-04-28 16:40:37.938  INFO 21520 --- [restartedMain] cn.edu.scujcc.DiandianApplication        : No active profile set, falling back to default profiles: default
2020-04-28 16:40:38.372  INFO 21520 --- [restartedMain] o.s.web.context.ContextLoader            : Root WebApplicationContext: initialization completed in 428 ms
2020-04-28 16:40:38.588  INFO 21520 --- [restartedMain] cn.edu.scujcc.DiandianApplication        : Started DiandianApplication in 0.711 seconds (JVM running for 1273.904)
2020-04-28 16:45:26.910  INFO 21520 --- [restartedMain] cn.edu.scujcc.DiandianApplication        : Starting DiandianApplication on 憨态可拘 with PID 21520 (E:\spring\project\diandian\bin\main started by 憨态可拘 in E:\spring\project\diandian)
2020-04-28 16:45:26.910 DEBUG 21520 --- [restartedMain] cn.edu.scujcc.DiandianApplication        : Running with Spring Boot v2.2.5.RELEASE, Spring v5.2.4.RELEASE
2020-04-28 16:45:26.911  INFO 21520 --- [restartedMain] cn.edu.scujcc.DiandianApplication        : No active profile set, falling back to default profiles: default
2020-04-28 16:45:27.336  INFO 21520 --- [restartedMain] o.s.web.context.ContextLoader            : Root WebApplicationContext: initialization completed in 423 ms
2020-04-28 16:45:27.502  INFO 21520 --- [restartedMain] cn.edu.scujcc.DiandianApplication        : Started DiandianApplication in 0.64 seconds (JVM running for 1562.818)
2020-04-28 16:46:25.680  INFO 21520 --- [restartedMain] cn.edu.scujcc.DiandianApplication        : Starting DiandianApplication on 憨态可拘 with PID 21520 (E:\spring\project\diandian\bin\main started by 憨态可拘 in E:\spring\project\diandian)
2020-04-28 16:46:25.680 DEBUG 21520 --- [restartedMain] cn.edu.scujcc.DiandianApplication        : Running with Spring Boot v2.2.5.RELEASE, Spring v5.2.4.RELEASE
2020-04-28 16:46:25.680  INFO 21520 --- [restartedMain] cn.edu.scujcc.DiandianApplication        : No active profile set, falling back to default profiles: default
2020-04-28 16:46:26.033  INFO 21520 --- [restartedMain] o.s.web.context.ContextLoader            : Root WebApplicationContext: initialization completed in 347 ms
2020-04-28 16:46:26.224  INFO 21520 --- [restartedMain] cn.edu.scujcc.DiandianApplication        : Started DiandianApplication in 0.595 seconds (JVM running for 1621.54)
2020-04-28 16:47:06.732  INFO 21520 --- [http-nio-8005-exec-1] o.s.web.servlet.DispatcherServlet        : Initializing Servlet 'dispatcherServlet'
2020-04-28 16:47:06.740  INFO 21520 --- [http-nio-8005-exec-1] o.s.web.servlet.DispatcherServlet        : Completed initialization in 7 ms
2020-04-28 16:47:06.786 DEBUG 21520 --- [http-nio-8005-exec-1] cn.edu.scujcc.api.ChannelController      : 热门评论5e90891e206d6329473f0158
2020-04-28 16:47:48.523 DEBUG 21520 --- [http-nio-8005-exec-2] cn.edu.scujcc.api.ChannelController      : 将为频道5e90891e206d6329473f0158新增一条评论：Comment [content=小孙, author=你在干嘛呀, dt=2020-04-28T16:47:48.517334800]
2020-04-28 16:47:55.941 DEBUG 21520 --- [http-nio-8005-exec-5] cn.edu.scujcc.api.ChannelController      : 将为频道5e90891e206d6329473f0158新增一条评论：Comment [content=小孙, author=你在干嘛呀, dt=2020-04-28T16:47:55.941478]
2020-04-28 16:48:03.957 DEBUG 21520 --- [http-nio-8005-exec-6] cn.edu.scujcc.api.ChannelController      : 将为频道5e90891e206d6329473f0158新增一条评论：Comment [content=小孙, author=你在干嘛呀, dt=2020-04-28T16:48:03.956920]
2020-04-28 16:48:07.772 DEBUG 21520 --- [http-nio-8005-exec-4] cn.edu.scujcc.api.ChannelController      : 热门评论5e90891e206d6329473f0158
2020-04-28 16:48:44.826  INFO 21520 --- [restartedMain] cn.edu.scujcc.DiandianApplication        : Starting DiandianApplication on 憨态可拘 with PID 21520 (E:\spring\project\diandian\bin\main started by 憨态可拘 in E:\spring\project\diandian)
2020-04-28 16:48:44.826 DEBUG 21520 --- [restartedMain] cn.edu.scujcc.DiandianApplication        : Running with Spring Boot v2.2.5.RELEASE, Spring v5.2.4.RELEASE
2020-04-28 16:48:44.826  INFO 21520 --- [restartedMain] cn.edu.scujcc.DiandianApplication        : No active profile set, falling back to default profiles: default
2020-04-28 16:48:45.213  INFO 21520 --- [restartedMain] o.s.web.context.ContextLoader            : Root WebApplicationContext: initialization completed in 383 ms
2020-04-28 16:48:45.377  INFO 21520 --- [restartedMain] cn.edu.scujcc.DiandianApplication        : Started DiandianApplication in 0.599 seconds (JVM running for 1760.693)
2020-04-28 16:49:09.595  INFO 21520 --- [http-nio-8005-exec-1] o.s.web.servlet.DispatcherServlet        : Initializing Servlet 'dispatcherServlet'
2020-04-28 16:49:09.602  INFO 21520 --- [http-nio-8005-exec-1] o.s.web.servlet.DispatcherServlet        : Completed initialization in 4 ms
2020-04-28 16:49:09.607 DEBUG 21520 --- [http-nio-8005-exec-1] cn.edu.scujcc.api.ChannelController      : 热门评论5e90891e206d6329473f0158
2020-04-28 16:52:25.009  INFO 21520 --- [restartedMain] cn.edu.scujcc.DiandianApplication        : Starting DiandianApplication on 憨态可拘 with PID 21520 (E:\spring\project\diandian\bin\main started by 憨态可拘 in E:\spring\project\diandian)
2020-04-28 16:52:25.009 DEBUG 21520 --- [restartedMain] cn.edu.scujcc.DiandianApplication        : Running with Spring Boot v2.2.5.RELEASE, Spring v5.2.4.RELEASE
2020-04-28 16:52:25.009  INFO 21520 --- [restartedMain] cn.edu.scujcc.DiandianApplication        : No active profile set, falling back to default profiles: default
2020-04-28 16:52:25.471  INFO 21520 --- [restartedMain] o.s.web.context.ContextLoader            : Root WebApplicationContext: initialization completed in 457 ms
2020-04-28 16:52:25.697  INFO 21520 --- [restartedMain] cn.edu.scujcc.DiandianApplication        : Started DiandianApplication in 0.763 seconds (JVM running for 1981.013)
2020-04-28 16:52:31.920  INFO 21520 --- [http-nio-8005-exec-2] o.s.web.servlet.DispatcherServlet        : Initializing Servlet 'dispatcherServlet'
2020-04-28 16:52:31.929  INFO 21520 --- [http-nio-8005-exec-2] o.s.web.servlet.DispatcherServlet        : Completed initialization in 4 ms
2020-04-28 16:52:31.931  INFO 21520 --- [http-nio-8005-exec-2] cn.edu.scujcc.api.ChannelController      : 正在读取所有频道信息...
2020-04-28 16:52:31.974 DEBUG 21520 --- [http-nio-8005-exec-2] cn.edu.scujcc.api.ChannelController      : 所有频道的数量是：17
2020-04-28 16:55:35.374  INFO 21520 --- [http-nio-8005-exec-1] cn.edu.scujcc.api.ChannelController      : 正在读取所有频道信息...
2020-04-28 16:55:35.379 DEBUG 21520 --- [http-nio-8005-exec-1] cn.edu.scujcc.api.ChannelController      : 所有频道的数量是：17
2020-04-28 16:59:27.628  INFO 21520 --- [restartedMain] cn.edu.scujcc.DiandianApplication        : Starting DiandianApplication on 憨态可拘 with PID 21520 (E:\spring\project\diandian\bin\main started by 憨态可拘 in E:\spring\project\diandian)
2020-04-28 16:59:27.629 DEBUG 21520 --- [restartedMain] cn.edu.scujcc.DiandianApplication        : Running with Spring Boot v2.2.5.RELEASE, Spring v5.2.4.RELEASE
2020-04-28 16:59:27.630  INFO 21520 --- [restartedMain] cn.edu.scujcc.DiandianApplication        : No active profile set, falling back to default profiles: default
2020-04-28 16:59:27.979  INFO 21520 --- [restartedMain] o.s.web.context.ContextLoader            : Root WebApplicationContext: initialization completed in 346 ms
2020-04-28 16:59:28.130  INFO 21520 --- [restartedMain] cn.edu.scujcc.DiandianApplication        : Started DiandianApplication in 0.554 seconds (JVM running for 2403.445)
2020-04-28 16:59:33.186  INFO 21520 --- [http-nio-8005-exec-1] o.s.web.servlet.DispatcherServlet        : Initializing Servlet 'dispatcherServlet'
2020-04-28 16:59:33.190  INFO 21520 --- [http-nio-8005-exec-1] o.s.web.servlet.DispatcherServlet        : Completed initialization in 3 ms
2020-04-28 16:59:33.191  INFO 21520 --- [http-nio-8005-exec-1] cn.edu.scujcc.api.ChannelController      : 正在读取所有频道信息...
2020-04-28 16:59:33.212 DEBUG 21520 --- [http-nio-8005-exec-1] cn.edu.scujcc.api.ChannelController      : 所有频道的数量是：17
2020-04-28 16:59:33.229 ERROR 21520 --- [http-nio-8005-exec-1] o.a.c.c.C.[.[.[/].[dispatcherServlet]    : Servlet.service() for servlet [dispatcherServlet] in context with path [] threw exception [Request processing failed; nested exception is org.springframework.http.converter.HttpMessageConversionException: JSON mapping problem: java.util.ArrayList[0]->cn.edu.scujcc.model.Channel["comments"]->java.util.ArrayList[0]; nested exception is com.fasterxml.jackson.databind.JsonMappingException: Unknown pattern letter: T (through reference chain: java.util.ArrayList[0]->cn.edu.scujcc.model.Channel["comments"]->java.util.ArrayList[0])] with root cause

java.lang.IllegalArgumentException: Unknown pattern letter: T
	at java.base/java.time.format.DateTimeFormatterBuilder.parsePattern(DateTimeFormatterBuilder.java:1805)
	at java.base/java.time.format.DateTimeFormatterBuilder.appendPattern(DateTimeFormatterBuilder.java:1702)
	at java.base/java.time.format.DateTimeFormatter.ofPattern(DateTimeFormatter.java:588)
	at com.fasterxml.jackson.datatype.jsr310.ser.JSR310FormattedSerializerBase.createContextual(JSR310FormattedSerializerBase.java:152)
	at com.fasterxml.jackson.datatype.jsr310.ser.LocalDateTimeSerializer.createContextual(LocalDateTimeSerializer.java:37)
	at com.fasterxml.jackson.databind.SerializerProvider.handleSecondaryContextualization(SerializerProvider.java:1004)
	at com.fasterxml.jackson.databind.SerializerProvider.findValueSerializer(SerializerProvider.java:561)
	at com.fasterxml.jackson.databind.ser.std.BeanSerializerBase.resolve(BeanSerializerBase.java:343)
	at com.fasterxml.jackson.databind.ser.SerializerCache.addAndResolveNonTypedSerializer(SerializerCache.java:197)
	at com.fasterxml.jackson.databind.SerializerProvider._createAndCacheUntypedSerializer(SerializerProvider.java:1346)
	at com.fasterxml.jackson.databind.SerializerProvider.findValueSerializer(SerializerProvider.java:510)
	at com.fasterxml.jackson.databind.ser.impl.PropertySerializerMap.findAndAddSecondarySerializer(PropertySerializerMap.java:90)
	at com.fasterxml.jackson.databind.ser.std.AsArraySerializerBase._findAndAddDynamic(AsArraySerializerBase.java:304)
	at com.fasterxml.jackson.databind.ser.impl.IndexedListSerializer.serializeContents(IndexedListSerializer.java:115)
	at com.fasterxml.jackson.databind.ser.impl.IndexedListSerializer.serialize(IndexedListSerializer.java:79)
	at com.fasterxml.jackson.databind.ser.impl.IndexedListSerializer.serialize(IndexedListSerializer.java:18)
	at com.fasterxml.jackson.databind.ser.BeanPropertyWriter.serializeAsField(BeanPropertyWriter.java:727)
	at com.fasterxml.jackson.databind.ser.std.BeanSerializerBase.serializeFields(BeanSerializerBase.java:722)
	at com.fasterxml.jackson.databind.ser.BeanSerializer.serialize(BeanSerializer.java:166)
	at com.fasterxml.jackson.databind.ser.std.CollectionSerializer.serializeContents(CollectionSerializer.java:145)
	at com.fasterxml.jackson.databind.ser.std.CollectionSerializer.serialize(CollectionSerializer.java:107)
	at com.fasterxml.jackson.databind.ser.std.CollectionSerializer.serialize(CollectionSerializer.java:25)
	at com.fasterxml.jackson.databind.ser.DefaultSerializerProvider._serialize(DefaultSerializerProvider.java:480)
	at com.fasterxml.jackson.databind.ser.DefaultSerializerProvider.serializeValue(DefaultSerializerProvider.java:400)
	at com.fasterxml.jackson.databind.ObjectWriter$Prefetch.serialize(ObjectWriter.java:1429)
	at com.fasterxml.jackson.databind.ObjectWriter.writeValue(ObjectWriter.java:921)
	at org.springframework.http.converter.json.AbstractJackson2HttpMessageConverter.writeInternal(AbstractJackson2HttpMessageConverter.java:294)
	at org.springframework.http.converter.AbstractGenericHttpMessageConverter.write(AbstractGenericHttpMessageConverter.java:104)
	at org.springframework.web.servlet.mvc.method.annotation.AbstractMessageConverterMethodProcessor.writeWithMessageConverters(AbstractMessageConverterMethodProcessor.java:287)
	at org.springframework.web.servlet.mvc.method.annotation.RequestResponseBodyMethodProcessor.handleReturnValue(RequestResponseBodyMethodProcessor.java:181)
	at org.springframework.web.method.support.HandlerMethodReturnValueHandlerComposite.handleReturnValue(HandlerMethodReturnValueHandlerComposite.java:82)
	at org.springframework.web.servlet.mvc.method.annotation.ServletInvocableHandlerMethod.invokeAndHandle(ServletInvocableHandlerMethod.java:124)
	at org.springframework.web.servlet.mvc.method.annotation.RequestMappingHandlerAdapter.invokeHandlerMethod(RequestMappingHandlerAdapter.java:879)
	at org.springframework.web.servlet.mvc.method.annotation.RequestMappingHandlerAdapter.handleInternal(RequestMappingHandlerAdapter.java:793)
	at org.springframework.web.servlet.mvc.method.AbstractHandlerMethodAdapter.handle(AbstractHandlerMethodAdapter.java:87)
	at org.springframework.web.servlet.DispatcherServlet.doDispatch(DispatcherServlet.java:1040)
	at org.springframework.web.servlet.DispatcherServlet.doService(DispatcherServlet.java:943)
	at org.springframework.web.servlet.FrameworkServlet.processRequest(FrameworkServlet.java:1006)
	at org.springframework.web.servlet.FrameworkServlet.doGet(FrameworkServlet.java:898)
	at javax.servlet.http.HttpServlet.service(HttpServlet.java:634)
	at org.springframework.web.servlet.FrameworkServlet.service(FrameworkServlet.java:883)
	at javax.servlet.http.HttpServlet.service(HttpServlet.java:741)
	at org.apache.catalina.core.ApplicationFilterChain.internalDoFilter(ApplicationFilterChain.java:231)
	at org.apache.catalina.core.ApplicationFilterChain.doFilter(ApplicationFilterChain.java:166)
	at org.apache.tomcat.websocket.server.WsFilter.doFilter(WsFilter.java:53)
	at org.apache.catalina.core.ApplicationFilterChain.internalDoFilter(ApplicationFilterChain.java:193)
	at org.apache.catalina.core.ApplicationFilterChain.doFilter(ApplicationFilterChain.java:166)
	at org.springframework.web.filter.RequestContextFilter.doFilterInternal(RequestContextFilter.java:100)
	at org.springframework.web.filter.OncePerRequestFilter.doFilter(OncePerRequestFilter.java:119)
	at org.apache.catalina.core.ApplicationFilterChain.internalDoFilter(ApplicationFilterChain.java:193)
	at org.apache.catalina.core.ApplicationFilterChain.doFilter(ApplicationFilterChain.java:166)
	at org.springframework.web.filter.FormContentFilter.doFilterInternal(FormContentFilter.java:93)
	at org.springframework.web.filter.OncePerRequestFilter.doFilter(OncePerRequestFilter.java:119)
	at org.apache.catalina.core.ApplicationFilterChain.internalDoFilter(ApplicationFilterChain.java:193)
	at org.apache.catalina.core.ApplicationFilterChain.doFilter(ApplicationFilterChain.java:166)
	at org.springframework.web.filter.CharacterEncodingFilter.doFilterInternal(CharacterEncodingFilter.java:201)
	at org.springframework.web.filter.OncePerRequestFilter.doFilter(OncePerRequestFilter.java:119)
	at org.apache.catalina.core.ApplicationFilterChain.internalDoFilter(ApplicationFilterChain.java:193)
	at org.apache.catalina.core.ApplicationFilterChain.doFilter(ApplicationFilterChain.java:166)
	at org.apache.catalina.core.StandardWrapperValve.invoke(StandardWrapperValve.java:202)
	at org.apache.catalina.core.StandardContextValve.invoke(StandardContextValve.java:96)
	at org.apache.catalina.authenticator.AuthenticatorBase.invoke(AuthenticatorBase.java:541)
	at org.apache.catalina.core.StandardHostValve.invoke(StandardHostValve.java:139)
	at org.apache.catalina.valves.ErrorReportValve.invoke(ErrorReportValve.java:92)
	at org.apache.catalina.core.StandardEngineValve.invoke(StandardEngineValve.java:74)
	at org.apache.catalina.connector.CoyoteAdapter.service(CoyoteAdapter.java:343)
	at org.apache.coyote.http11.Http11Processor.service(Http11Processor.java:367)
	at org.apache.coyote.AbstractProcessorLight.process(AbstractProcessorLight.java:65)
	at org.apache.coyote.AbstractProtocol$ConnectionHandler.process(AbstractProtocol.java:868)
	at org.apache.tomcat.util.net.NioEndpoint$SocketProcessor.doRun(NioEndpoint.java:1639)
	at org.apache.tomcat.util.net.SocketProcessorBase.run(SocketProcessorBase.java:49)
	at java.base/java.util.concurrent.ThreadPoolExecutor.runWorker(ThreadPoolExecutor.java:1128)
	at java.base/java.util.concurrent.ThreadPoolExecutor$Worker.run(ThreadPoolExecutor.java:628)
	at org.apache.tomcat.util.threads.TaskThread$WrappingRunnable.run(TaskThread.java:61)
	at java.base/java.lang.Thread.run(Thread.java:834)

2020-04-28 16:59:55.976  INFO 21520 --- [restartedMain] cn.edu.scujcc.DiandianApplication        : Starting DiandianApplication on 憨态可拘 with PID 21520 (E:\spring\project\diandian\bin\main started by 憨态可拘 in E:\spring\project\diandian)
2020-04-28 16:59:55.977 DEBUG 21520 --- [restartedMain] cn.edu.scujcc.DiandianApplication        : Running with Spring Boot v2.2.5.RELEASE, Spring v5.2.4.RELEASE
2020-04-28 16:59:55.977  INFO 21520 --- [restartedMain] cn.edu.scujcc.DiandianApplication        : No active profile set, falling back to default profiles: default
2020-04-28 16:59:56.382  INFO 21520 --- [restartedMain] o.s.web.context.ContextLoader            : Root WebApplicationContext: initialization completed in 402 ms
2020-04-28 16:59:56.540  INFO 21520 --- [restartedMain] cn.edu.scujcc.DiandianApplication        : Started DiandianApplication in 0.637 seconds (JVM running for 2431.856)
2020-04-28 16:59:58.979  INFO 21520 --- [http-nio-8005-exec-1] o.s.web.servlet.DispatcherServlet        : Initializing Servlet 'dispatcherServlet'
2020-04-28 16:59:58.984  INFO 21520 --- [http-nio-8005-exec-1] o.s.web.servlet.DispatcherServlet        : Completed initialization in 4 ms
2020-04-28 16:59:58.986  INFO 21520 --- [http-nio-8005-exec-1] cn.edu.scujcc.api.ChannelController      : 正在读取所有频道信息...
2020-04-28 16:59:59.007 DEBUG 21520 --- [http-nio-8005-exec-1] cn.edu.scujcc.api.ChannelController      : 所有频道的数量是：17
2020-04-28 17:00:22.677 DEBUG 21520 --- [http-nio-8005-exec-2] cn.edu.scujcc.api.ChannelController      : 将为频道5e90891e206d6329473f0158新增一条评论：Comment [content=小孙, author=你在干嘛呀, dt=2020-04-28T17:00:22.677811900]
2020-04-28 17:00:30.043  INFO 21520 --- [http-nio-8005-exec-4] cn.edu.scujcc.api.ChannelController      : 正在读取所有频道信息...
2020-04-28 17:00:30.047 DEBUG 21520 --- [http-nio-8005-exec-4] cn.edu.scujcc.api.ChannelController      : 所有频道的数量是：16
2020-04-28 17:00:55.798  INFO 21520 --- [http-nio-8005-exec-6] cn.edu.scujcc.api.ChannelController      : 正在读取所有频道信息...
2020-04-28 17:00:55.805 DEBUG 21520 --- [http-nio-8005-exec-6] cn.edu.scujcc.api.ChannelController      : 所有频道的数量是：15
2020-04-28 17:03:03.583  INFO 21520 --- [http-nio-8005-exec-8] cn.edu.scujcc.api.ChannelController      : 正在读取所有频道信息...
2020-04-28 17:03:03.585 DEBUG 21520 --- [http-nio-8005-exec-8] cn.edu.scujcc.api.ChannelController      : 所有频道的数量是：0
2020-04-28 17:03:38.852  INFO 21520 --- [restartedMain] cn.edu.scujcc.DiandianApplication        : Starting DiandianApplication on 憨态可拘 with PID 21520 (E:\spring\project\diandian\bin\main started by 憨态可拘 in E:\spring\project\diandian)
2020-04-28 17:03:38.852 DEBUG 21520 --- [restartedMain] cn.edu.scujcc.DiandianApplication        : Running with Spring Boot v2.2.5.RELEASE, Spring v5.2.4.RELEASE
2020-04-28 17:03:38.852  INFO 21520 --- [restartedMain] cn.edu.scujcc.DiandianApplication        : No active profile set, falling back to default profiles: default
2020-04-28 17:03:39.277  INFO 21520 --- [restartedMain] o.s.web.context.ContextLoader            : Root WebApplicationContext: initialization completed in 421 ms
2020-04-28 17:03:39.494  INFO 21520 --- [restartedMain] cn.edu.scujcc.DiandianApplication        : Started DiandianApplication in 0.705 seconds (JVM running for 2654.81)
2020-04-28 17:03:53.050  INFO 21520 --- [http-nio-8005-exec-1] o.s.web.servlet.DispatcherServlet        : Initializing Servlet 'dispatcherServlet'
2020-04-28 17:03:53.057  INFO 21520 --- [http-nio-8005-exec-1] o.s.web.servlet.DispatcherServlet        : Completed initialization in 5 ms
2020-04-28 17:03:53.064  WARN 21520 --- [http-nio-8005-exec-1] org.springframework.web.HttpLogging      : Failed to evaluate Jackson deserialization for type [[simple type, class cn.edu.scujcc.model.Comment]]: java.lang.IllegalArgumentException: Unknown pattern letter: T
2020-04-28 17:03:53.066  WARN 21520 --- [http-nio-8005-exec-1] org.springframework.web.HttpLogging      : Failed to evaluate Jackson deserialization for type [[simple type, class cn.edu.scujcc.model.Comment]]: java.lang.IllegalArgumentException: Unknown pattern letter: T
2020-04-28 17:03:53.067  WARN 21520 --- [http-nio-8005-exec-1] .w.s.m.s.DefaultHandlerExceptionResolver : Resolved [org.springframework.web.HttpMediaTypeNotSupportedException: Content type 'application/json;charset=UTF-8' not supported]
2020-04-28 17:04:48.535  INFO 21520 --- [restartedMain] cn.edu.scujcc.DiandianApplication        : Starting DiandianApplication on 憨态可拘 with PID 21520 (E:\spring\project\diandian\bin\main started by 憨态可拘 in E:\spring\project\diandian)
2020-04-28 17:04:48.536 DEBUG 21520 --- [restartedMain] cn.edu.scujcc.DiandianApplication        : Running with Spring Boot v2.2.5.RELEASE, Spring v5.2.4.RELEASE
2020-04-28 17:04:48.536  INFO 21520 --- [restartedMain] cn.edu.scujcc.DiandianApplication        : No active profile set, falling back to default profiles: default
2020-04-28 17:04:48.993  INFO 21520 --- [restartedMain] o.s.web.context.ContextLoader            : Root WebApplicationContext: initialization completed in 451 ms
2020-04-28 17:04:49.216  INFO 21520 --- [restartedMain] cn.edu.scujcc.DiandianApplication        : Started DiandianApplication in 0.755 seconds (JVM running for 2724.531)
2020-04-28 17:04:56.162  INFO 19640 --- [restartedMain] cn.edu.scujcc.DiandianApplication        : Starting DiandianApplication on 憨态可拘 with PID 19640 (E:\spring\project\diandian\bin\main started by 憨态可拘 in E:\spring\project\diandian)
2020-04-28 17:04:56.177 DEBUG 19640 --- [restartedMain] cn.edu.scujcc.DiandianApplication        : Running with Spring Boot v2.2.5.RELEASE, Spring v5.2.4.RELEASE
2020-04-28 17:04:56.179  INFO 19640 --- [restartedMain] cn.edu.scujcc.DiandianApplication        : No active profile set, falling back to default profiles: default
2020-04-28 17:04:58.221  INFO 19640 --- [restartedMain] o.s.web.context.ContextLoader            : Root WebApplicationContext: initialization completed in 1952 ms
2020-04-28 17:04:59.588  INFO 19640 --- [restartedMain] cn.edu.scujcc.DiandianApplication        : Started DiandianApplication in 3.926 seconds (JVM running for 7.1)
2020-04-28 17:05:23.137  INFO 19640 --- [http-nio-8005-exec-1] o.s.web.servlet.DispatcherServlet        : Initializing Servlet 'dispatcherServlet'
2020-04-28 17:05:23.150  INFO 19640 --- [http-nio-8005-exec-1] o.s.web.servlet.DispatcherServlet        : Completed initialization in 12 ms
2020-04-28 17:05:23.283  WARN 19640 --- [http-nio-8005-exec-1] org.springframework.web.HttpLogging      : Failed to evaluate Jackson deserialization for type [[simple type, class cn.edu.scujcc.model.Channel]]: java.lang.IllegalArgumentException: Unknown pattern letter: T
2020-04-28 17:05:23.288  WARN 19640 --- [http-nio-8005-exec-1] org.springframework.web.HttpLogging      : Failed to evaluate Jackson deserialization for type [[simple type, class cn.edu.scujcc.model.Channel]]: java.lang.IllegalArgumentException: Unknown pattern letter: T
2020-04-28 17:05:23.295  WARN 19640 --- [http-nio-8005-exec-1] .w.s.m.s.DefaultHandlerExceptionResolver : Resolved [org.springframework.web.HttpMediaTypeNotSupportedException: Content type 'application/json;charset=UTF-8' not supported]
2020-04-28 17:05:28.233  INFO 19640 --- [http-nio-8005-exec-2] cn.edu.scujcc.api.ChannelController      : 正在读取所有频道信息...
2020-04-28 17:05:28.322 DEBUG 19640 --- [http-nio-8005-exec-2] cn.edu.scujcc.api.ChannelController      : 所有频道的数量是：0
2020-04-28 17:05:47.833  WARN 19640 --- [http-nio-8005-exec-3] org.springframework.web.HttpLogging      : Failed to evaluate Jackson deserialization for type [[simple type, class cn.edu.scujcc.model.Channel]]: java.lang.IllegalArgumentException: Unknown pattern letter: T
2020-04-28 17:05:47.839  WARN 19640 --- [http-nio-8005-exec-3] org.springframework.web.HttpLogging      : Failed to evaluate Jackson deserialization for type [[simple type, class cn.edu.scujcc.model.Channel]]: java.lang.IllegalArgumentException: Unknown pattern letter: T
2020-04-28 17:05:47.841  WARN 19640 --- [http-nio-8005-exec-3] .w.s.m.s.DefaultHandlerExceptionResolver : Resolved [org.springframework.web.HttpMediaTypeNotSupportedException: Content type 'application/json;charset=UTF-8' not supported]
2020-04-28 17:05:54.826  WARN 19640 --- [http-nio-8005-exec-4] org.springframework.web.HttpLogging      : Failed to evaluate Jackson deserialization for type [[simple type, class cn.edu.scujcc.model.Channel]]: java.lang.IllegalArgumentException: Unknown pattern letter: T
2020-04-28 17:05:54.829  WARN 19640 --- [http-nio-8005-exec-4] org.springframework.web.HttpLogging      : Failed to evaluate Jackson deserialization for type [[simple type, class cn.edu.scujcc.model.Channel]]: java.lang.IllegalArgumentException: Unknown pattern letter: T
2020-04-28 17:05:54.829  WARN 19640 --- [http-nio-8005-exec-4] .w.s.m.s.DefaultHandlerExceptionResolver : Resolved [org.springframework.web.HttpMediaTypeNotSupportedException: Content type 'application/json;charset=UTF-8' not supported]
2020-04-28 17:06:19.403  INFO 19640 --- [restartedMain] cn.edu.scujcc.DiandianApplication        : Starting DiandianApplication on 憨态可拘 with PID 19640 (E:\spring\project\diandian\bin\main started by 憨态可拘 in E:\spring\project\diandian)
2020-04-28 17:06:19.404 DEBUG 19640 --- [restartedMain] cn.edu.scujcc.DiandianApplication        : Running with Spring Boot v2.2.5.RELEASE, Spring v5.2.4.RELEASE
2020-04-28 17:06:19.405  INFO 19640 --- [restartedMain] cn.edu.scujcc.DiandianApplication        : No active profile set, falling back to default profiles: default
2020-04-28 17:06:19.940  INFO 19640 --- [restartedMain] o.s.web.context.ContextLoader            : Root WebApplicationContext: initialization completed in 525 ms
2020-04-28 17:06:20.172  INFO 19640 --- [restartedMain] cn.edu.scujcc.DiandianApplication        : Started DiandianApplication in 0.861 seconds (JVM running for 87.683)
2020-04-28 17:06:33.592  INFO 19640 --- [http-nio-8005-exec-1] o.s.web.servlet.DispatcherServlet        : Initializing Servlet 'dispatcherServlet'
2020-04-28 17:06:33.596  INFO 19640 --- [http-nio-8005-exec-1] o.s.web.servlet.DispatcherServlet        : Completed initialization in 3 ms
2020-04-28 17:06:33.607  WARN 19640 --- [http-nio-8005-exec-1] org.springframework.web.HttpLogging      : Failed to evaluate Jackson deserialization for type [[simple type, class cn.edu.scujcc.model.Channel]]: java.lang.IllegalArgumentException: Too many pattern letters: s
2020-04-28 17:06:33.611  WARN 19640 --- [http-nio-8005-exec-1] org.springframework.web.HttpLogging      : Failed to evaluate Jackson deserialization for type [[simple type, class cn.edu.scujcc.model.Channel]]: java.lang.IllegalArgumentException: Too many pattern letters: s
2020-04-28 17:06:33.611  WARN 19640 --- [http-nio-8005-exec-1] .w.s.m.s.DefaultHandlerExceptionResolver : Resolved [org.springframework.web.HttpMediaTypeNotSupportedException: Content type 'application/json;charset=UTF-8' not supported]
2020-04-28 17:07:05.984  WARN 19640 --- [http-nio-8005-exec-2] org.springframework.web.HttpLogging      : Failed to evaluate Jackson deserialization for type [[simple type, class cn.edu.scujcc.model.Channel]]: java.lang.IllegalArgumentException: Too many pattern letters: s
2020-04-28 17:07:05.987  WARN 19640 --- [http-nio-8005-exec-2] org.springframework.web.HttpLogging      : Failed to evaluate Jackson deserialization for type [[simple type, class cn.edu.scujcc.model.Channel]]: java.lang.IllegalArgumentException: Too many pattern letters: s
2020-04-28 17:07:05.988  WARN 19640 --- [http-nio-8005-exec-2] .w.s.m.s.DefaultHandlerExceptionResolver : Resolved [org.springframework.web.HttpMediaTypeNotSupportedException: Content type 'application/json;charset=UTF-8' not supported]
2020-04-28 17:08:17.835  INFO 19640 --- [restartedMain] cn.edu.scujcc.DiandianApplication        : Starting DiandianApplication on 憨态可拘 with PID 19640 (E:\spring\project\diandian\bin\main started by 憨态可拘 in E:\spring\project\diandian)
2020-04-28 17:08:17.837 DEBUG 19640 --- [restartedMain] cn.edu.scujcc.DiandianApplication        : Running with Spring Boot v2.2.5.RELEASE, Spring v5.2.4.RELEASE
2020-04-28 17:08:17.837  INFO 19640 --- [restartedMain] cn.edu.scujcc.DiandianApplication        : No active profile set, falling back to default profiles: default
2020-04-28 17:08:18.296  INFO 19640 --- [restartedMain] o.s.web.context.ContextLoader            : Root WebApplicationContext: initialization completed in 452 ms
2020-04-28 17:08:18.507  INFO 19640 --- [restartedMain] cn.edu.scujcc.DiandianApplication        : Started DiandianApplication in 0.747 seconds (JVM running for 206.019)
2020-04-28 17:08:58.325  INFO 19640 --- [http-nio-8005-exec-1] o.s.web.servlet.DispatcherServlet        : Initializing Servlet 'dispatcherServlet'
2020-04-28 17:08:58.335  INFO 19640 --- [http-nio-8005-exec-1] o.s.web.servlet.DispatcherServlet        : Completed initialization in 9 ms
2020-04-28 17:08:58.344  WARN 19640 --- [http-nio-8005-exec-1] org.springframework.web.HttpLogging      : Failed to evaluate Jackson deserialization for type [[simple type, class cn.edu.scujcc.model.Channel]]: java.lang.IllegalArgumentException: Too many pattern letters: s
2020-04-28 17:08:58.349  WARN 19640 --- [http-nio-8005-exec-1] org.springframework.web.HttpLogging      : Failed to evaluate Jackson deserialization for type [[simple type, class cn.edu.scujcc.model.Channel]]: java.lang.IllegalArgumentException: Too many pattern letters: s
2020-04-28 17:08:58.349  WARN 19640 --- [http-nio-8005-exec-1] .w.s.m.s.DefaultHandlerExceptionResolver : Resolved [org.springframework.web.HttpMediaTypeNotSupportedException: Content type 'application/json;charset=UTF-8' not supported]
2020-04-28 17:09:16.780  INFO 19640 --- [restartedMain] cn.edu.scujcc.DiandianApplication        : Starting DiandianApplication on 憨态可拘 with PID 19640 (E:\spring\project\diandian\bin\main started by 憨态可拘 in E:\spring\project\diandian)
2020-04-28 17:09:16.780 DEBUG 19640 --- [restartedMain] cn.edu.scujcc.DiandianApplication        : Running with Spring Boot v2.2.5.RELEASE, Spring v5.2.4.RELEASE
2020-04-28 17:09:16.781  INFO 19640 --- [restartedMain] cn.edu.scujcc.DiandianApplication        : No active profile set, falling back to default profiles: default
2020-04-28 17:09:17.223  INFO 19640 --- [restartedMain] o.s.web.context.ContextLoader            : Root WebApplicationContext: initialization completed in 435 ms
2020-04-28 17:09:17.418  INFO 19640 --- [restartedMain] cn.edu.scujcc.DiandianApplication        : Started DiandianApplication in 0.709 seconds (JVM running for 264.929)
2020-04-28 17:09:56.763  INFO 19640 --- [http-nio-8005-exec-1] o.s.web.servlet.DispatcherServlet        : Initializing Servlet 'dispatcherServlet'
2020-04-28 17:09:56.768  INFO 19640 --- [http-nio-8005-exec-1] o.s.web.servlet.DispatcherServlet        : Completed initialization in 4 ms
2020-04-28 17:10:02.303  INFO 19640 --- [http-nio-8005-exec-2] cn.edu.scujcc.api.ChannelController      : 正在读取所有频道信息...
2020-04-28 17:10:02.314 DEBUG 19640 --- [http-nio-8005-exec-2] cn.edu.scujcc.api.ChannelController      : 所有频道的数量是：1
2020-04-28 17:12:12.425  INFO 19640 --- [restartedMain] cn.edu.scujcc.DiandianApplication        : Starting DiandianApplication on 憨态可拘 with PID 19640 (E:\spring\project\diandian\bin\main started by 憨态可拘 in E:\spring\project\diandian)
2020-04-28 17:12:12.425 DEBUG 19640 --- [restartedMain] cn.edu.scujcc.DiandianApplication        : Running with Spring Boot v2.2.5.RELEASE, Spring v5.2.4.RELEASE
2020-04-28 17:12:12.425  INFO 19640 --- [restartedMain] cn.edu.scujcc.DiandianApplication        : No active profile set, falling back to default profiles: default
2020-04-28 17:12:12.907  INFO 19640 --- [restartedMain] o.s.web.context.ContextLoader            : Root WebApplicationContext: initialization completed in 474 ms
2020-04-28 17:12:13.123  INFO 19640 --- [restartedMain] cn.edu.scujcc.DiandianApplication        : Started DiandianApplication in 0.782 seconds (JVM running for 440.635)
2020-04-28 17:12:59.664  INFO 19640 --- [http-nio-8005-exec-1] o.s.web.servlet.DispatcherServlet        : Initializing Servlet 'dispatcherServlet'
2020-04-28 17:12:59.671  INFO 19640 --- [http-nio-8005-exec-1] o.s.web.servlet.DispatcherServlet        : Completed initialization in 5 ms
2020-04-28 17:12:59.721 ERROR 19640 --- [http-nio-8005-exec-1] o.a.c.c.C.[.[.[/].[dispatcherServlet]    : Servlet.service() for servlet [dispatcherServlet] in context with path [] threw exception [Request processing failed; nested exception is java.lang.IllegalArgumentException: Entity must not be null!] with root cause

java.lang.IllegalArgumentException: Entity must not be null!
	at org.springframework.util.Assert.notNull(Assert.java:198)
	at org.springframework.data.mongodb.repository.support.SimpleMongoRepository.save(SimpleMongoRepository.java:81)
	at java.base/jdk.internal.reflect.NativeMethodAccessorImpl.invoke0(Native Method)
	at java.base/jdk.internal.reflect.NativeMethodAccessorImpl.invoke(NativeMethodAccessorImpl.java:62)
	at java.base/jdk.internal.reflect.DelegatingMethodAccessorImpl.invoke(DelegatingMethodAccessorImpl.java:43)
	at java.base/java.lang.reflect.Method.invoke(Method.java:566)
	at org.springframework.data.repository.core.support.RepositoryComposition$RepositoryFragments.invoke(RepositoryComposition.java:371)
	at org.springframework.data.repository.core.support.RepositoryComposition.invoke(RepositoryComposition.java:204)
	at org.springframework.data.repository.core.support.RepositoryFactorySupport$ImplementationMethodExecutionInterceptor.invoke(RepositoryFactorySupport.java:657)
	at org.springframework.aop.framework.ReflectiveMethodInvocation.proceed(ReflectiveMethodInvocation.java:186)
	at org.springframework.data.repository.core.support.RepositoryFactorySupport$QueryExecutorMethodInterceptor.doInvoke(RepositoryFactorySupport.java:621)
	at org.springframework.data.repository.core.support.RepositoryFactorySupport$QueryExecutorMethodInterceptor.invoke(RepositoryFactorySupport.java:605)
	at org.springframework.aop.framework.ReflectiveMethodInvocation.proceed(ReflectiveMethodInvocation.java:186)
	at org.springframework.data.projection.DefaultMethodInvokingMethodInterceptor.invoke(DefaultMethodInvokingMethodInterceptor.java:80)
	at org.springframework.aop.framework.ReflectiveMethodInvocation.proceed(ReflectiveMethodInvocation.java:186)
	at org.springframework.aop.interceptor.ExposeInvocationInterceptor.invoke(ExposeInvocationInterceptor.java:95)
	at org.springframework.aop.framework.ReflectiveMethodInvocation.proceed(ReflectiveMethodInvocation.java:186)
	at org.springframework.aop.framework.JdkDynamicAopProxy.invoke(JdkDynamicAopProxy.java:212)
	at com.sun.proxy.$Proxy98.save(Unknown Source)
	at java.base/jdk.internal.reflect.NativeMethodAccessorImpl.invoke0(Native Method)
	at java.base/jdk.internal.reflect.NativeMethodAccessorImpl.invoke(NativeMethodAccessorImpl.java:62)
	at java.base/jdk.internal.reflect.DelegatingMethodAccessorImpl.invoke(DelegatingMethodAccessorImpl.java:43)
	at java.base/java.lang.reflect.Method.invoke(Method.java:566)
	at org.springframework.aop.support.AopUtils.invokeJoinpointUsingReflection(AopUtils.java:344)
	at org.springframework.aop.framework.ReflectiveMethodInvocation.invokeJoinpoint(ReflectiveMethodInvocation.java:198)
	at org.springframework.aop.framework.ReflectiveMethodInvocation.proceed(ReflectiveMethodInvocation.java:163)
	at org.springframework.dao.support.PersistenceExceptionTranslationInterceptor.invoke(PersistenceExceptionTranslationInterceptor.java:139)
	at org.springframework.aop.framework.ReflectiveMethodInvocation.proceed(ReflectiveMethodInvocation.java:186)
	at org.springframework.aop.framework.JdkDynamicAopProxy.invoke(JdkDynamicAopProxy.java:212)
	at com.sun.proxy.$Proxy98.save(Unknown Source)
	at cn.edu.scujcc.service.ChannelService.updateChannel(ChannelService.java:100)
	at cn.edu.scujcc.api.ChannelController.updateChannel(ChannelController.java:71)
	at java.base/jdk.internal.reflect.NativeMethodAccessorImpl.invoke0(Native Method)
	at java.base/jdk.internal.reflect.NativeMethodAccessorImpl.invoke(NativeMethodAccessorImpl.java:62)
	at java.base/jdk.internal.reflect.DelegatingMethodAccessorImpl.invoke(DelegatingMethodAccessorImpl.java:43)
	at java.base/java.lang.reflect.Method.invoke(Method.java:566)
	at org.springframework.web.method.support.InvocableHandlerMethod.doInvoke(InvocableHandlerMethod.java:190)
	at org.springframework.web.method.support.InvocableHandlerMethod.invokeForRequest(InvocableHandlerMethod.java:138)
	at org.springframework.web.servlet.mvc.method.annotation.ServletInvocableHandlerMethod.invokeAndHandle(ServletInvocableHandlerMethod.java:106)
	at org.springframework.web.servlet.mvc.method.annotation.RequestMappingHandlerAdapter.invokeHandlerMethod(RequestMappingHandlerAdapter.java:879)
	at org.springframework.web.servlet.mvc.method.annotation.RequestMappingHandlerAdapter.handleInternal(RequestMappingHandlerAdapter.java:793)
	at org.springframework.web.servlet.mvc.method.AbstractHandlerMethodAdapter.handle(AbstractHandlerMethodAdapter.java:87)
	at org.springframework.web.servlet.DispatcherServlet.doDispatch(DispatcherServlet.java:1040)
	at org.springframework.web.servlet.DispatcherServlet.doService(DispatcherServlet.java:943)
	at org.springframework.web.servlet.FrameworkServlet.processRequest(FrameworkServlet.java:1006)
	at org.springframework.web.servlet.FrameworkServlet.doPut(FrameworkServlet.java:920)
	at javax.servlet.http.HttpServlet.service(HttpServlet.java:663)
	at org.springframework.web.servlet.FrameworkServlet.service(FrameworkServlet.java:883)
	at javax.servlet.http.HttpServlet.service(HttpServlet.java:741)
	at org.apache.catalina.core.ApplicationFilterChain.internalDoFilter(ApplicationFilterChain.java:231)
	at org.apache.catalina.core.ApplicationFilterChain.doFilter(ApplicationFilterChain.java:166)
	at org.apache.tomcat.websocket.server.WsFilter.doFilter(WsFilter.java:53)
	at org.apache.catalina.core.ApplicationFilterChain.internalDoFilter(ApplicationFilterChain.java:193)
	at org.apache.catalina.core.ApplicationFilterChain.doFilter(ApplicationFilterChain.java:166)
	at org.springframework.web.filter.RequestContextFilter.doFilterInternal(RequestContextFilter.java:100)
	at org.springframework.web.filter.OncePerRequestFilter.doFilter(OncePerRequestFilter.java:119)
	at org.apache.catalina.core.ApplicationFilterChain.internalDoFilter(ApplicationFilterChain.java:193)
	at org.apache.catalina.core.ApplicationFilterChain.doFilter(ApplicationFilterChain.java:166)
	at org.springframework.web.filter.FormContentFilter.doFilterInternal(FormContentFilter.java:93)
	at org.springframework.web.filter.OncePerRequestFilter.doFilter(OncePerRequestFilter.java:119)
	at org.apache.catalina.core.ApplicationFilterChain.internalDoFilter(ApplicationFilterChain.java:193)
	at org.apache.catalina.core.ApplicationFilterChain.doFilter(ApplicationFilterChain.java:166)
	at org.springframework.web.filter.CharacterEncodingFilter.doFilterInternal(CharacterEncodingFilter.java:201)
	at org.springframework.web.filter.OncePerRequestFilter.doFilter(OncePerRequestFilter.java:119)
	at org.apache.catalina.core.ApplicationFilterChain.internalDoFilter(ApplicationFilterChain.java:193)
	at org.apache.catalina.core.ApplicationFilterChain.doFilter(ApplicationFilterChain.java:166)
	at org.apache.catalina.core.StandardWrapperValve.invoke(StandardWrapperValve.java:202)
	at org.apache.catalina.core.StandardContextValve.invoke(StandardContextValve.java:96)
	at org.apache.catalina.authenticator.AuthenticatorBase.invoke(AuthenticatorBase.java:541)
	at org.apache.catalina.core.StandardHostValve.invoke(StandardHostValve.java:139)
	at org.apache.catalina.valves.ErrorReportValve.invoke(ErrorReportValve.java:92)
	at org.apache.catalina.core.StandardEngineValve.invoke(StandardEngineValve.java:74)
	at org.apache.catalina.connector.CoyoteAdapter.service(CoyoteAdapter.java:343)
	at org.apache.coyote.http11.Http11Processor.service(Http11Processor.java:367)
	at org.apache.coyote.AbstractProcessorLight.process(AbstractProcessorLight.java:65)
	at org.apache.coyote.AbstractProtocol$ConnectionHandler.process(AbstractProtocol.java:868)
	at org.apache.tomcat.util.net.NioEndpoint$SocketProcessor.doRun(NioEndpoint.java:1639)
	at org.apache.tomcat.util.net.SocketProcessorBase.run(SocketProcessorBase.java:49)
	at java.base/java.util.concurrent.ThreadPoolExecutor.runWorker(ThreadPoolExecutor.java:1128)
	at java.base/java.util.concurrent.ThreadPoolExecutor$Worker.run(ThreadPoolExecutor.java:628)
	at org.apache.tomcat.util.threads.TaskThread$WrappingRunnable.run(TaskThread.java:61)
	at java.base/java.lang.Thread.run(Thread.java:834)

2020-04-28 17:15:32.575 DEBUG 19640 --- [http-nio-8005-exec-2] cn.edu.scujcc.api.ChannelController      : Channel [id=5ea7f2e4a342e17571c34e86, title=山东教育, quality=4k, url=http://ivi.bupt.edu.cn/hls/sdetv.m3u8]
2020-04-28 17:16:26.444 DEBUG 19640 --- [http-nio-8005-exec-3] cn.edu.scujcc.api.ChannelController      : Channel [id=5ea7f2e4a342e17571c34e86, title=山东教育, quality=4k, url=http://ivi.bupt.edu.cn/hls/sdetv.m3u8]
2020-04-28 17:16:58.347  INFO 15876 --- [restartedMain] cn.edu.scujcc.DiandianApplication        : Starting DiandianApplication on 憨态可拘 with PID 15876 (E:\spring\project\diandian\bin\main started by 憨态可拘 in E:\spring\project\diandian)
2020-04-28 17:16:58.358 DEBUG 15876 --- [restartedMain] cn.edu.scujcc.DiandianApplication        : Running with Spring Boot v2.2.5.RELEASE, Spring v5.2.4.RELEASE
2020-04-28 17:16:58.360  INFO 15876 --- [restartedMain] cn.edu.scujcc.DiandianApplication        : No active profile set, falling back to default profiles: default
2020-04-28 17:17:00.323  INFO 15876 --- [restartedMain] o.s.web.context.ContextLoader            : Root WebApplicationContext: initialization completed in 1886 ms
2020-04-28 17:17:01.525  INFO 15876 --- [restartedMain] cn.edu.scujcc.DiandianApplication        : Started DiandianApplication in 3.683 seconds (JVM running for 6.676)
2020-04-28 17:17:13.874  INFO 15876 --- [http-nio-8005-exec-1] o.s.web.servlet.DispatcherServlet        : Initializing Servlet 'dispatcherServlet'
2020-04-28 17:17:13.882  INFO 15876 --- [http-nio-8005-exec-1] o.s.web.servlet.DispatcherServlet        : Completed initialization in 7 ms
2020-04-28 17:17:14.165 DEBUG 15876 --- [http-nio-8005-exec-1] cn.edu.scujcc.api.ChannelController      : Channel [id=5ea7f2e4a342e17571c34e86, title=山东教育, quality=4k, url=http://ivi.bupt.edu.cn/hls/sdetv.m3u8]
2020-04-28 17:24:44.464 DEBUG 15876 --- [http-nio-8005-exec-3] cn.edu.scujcc.api.ChannelController      : Channel [id=5ea7f2e4a342e17571c34e86, title=山东教育, quality=4k, url=http://ivi.bupt.edu.cn/hls/sdetv.m3u8]
2020-04-28 17:24:46.624 DEBUG 15876 --- [http-nio-8005-exec-4] cn.edu.scujcc.api.ChannelController      : Channel [id=5ea7f2e4a342e17571c34e86, title=山东教育, quality=4k, url=http://ivi.bupt.edu.cn/hls/sdetv.m3u8]
2020-04-28 17:24:47.603 DEBUG 15876 --- [http-nio-8005-exec-5] cn.edu.scujcc.api.ChannelController      : Channel [id=5ea7f2e4a342e17571c34e86, title=山东教育, quality=4k, url=http://ivi.bupt.edu.cn/hls/sdetv.m3u8]
2020-04-28 17:24:48.440 DEBUG 15876 --- [http-nio-8005-exec-6] cn.edu.scujcc.api.ChannelController      : Channel [id=5ea7f2e4a342e17571c34e86, title=山东教育, quality=4k, url=http://ivi.bupt.edu.cn/hls/sdetv.m3u8]
2020-04-28 17:24:49.092 DEBUG 15876 --- [http-nio-8005-exec-7] cn.edu.scujcc.api.ChannelController      : Channel [id=5ea7f2e4a342e17571c34e86, title=山东教育, quality=4k, url=http://ivi.bupt.edu.cn/hls/sdetv.m3u8]
2020-04-28 17:25:06.358 DEBUG 15876 --- [http-nio-8005-exec-8] cn.edu.scujcc.api.ChannelController      : Channel [id=5ea7f2e4a342e17571c34e86, title=山东教育, quality=4k, url=http://ivi.bupt.edu.cn/hls/sdetv.m3u8]
2020-04-28 17:25:07.290 DEBUG 15876 --- [http-nio-8005-exec-9] cn.edu.scujcc.api.ChannelController      : Channel [id=5ea7f2e4a342e17571c34e86, title=山东教育, quality=4k, url=http://ivi.bupt.edu.cn/hls/sdetv.m3u8]
2020-04-28 17:25:07.921 DEBUG 15876 --- [http-nio-8005-exec-10] cn.edu.scujcc.api.ChannelController      : Channel [id=5ea7f2e4a342e17571c34e86, title=山东教育, quality=4k, url=http://ivi.bupt.edu.cn/hls/sdetv.m3u8]
2020-04-28 17:25:38.507  WARN 15876 --- [http-nio-8005-exec-1] .w.s.m.s.DefaultHandlerExceptionResolver : Resolved [org.springframework.web.HttpRequestMethodNotSupportedException: Request method 'PUT' not supported]
2020-04-28 17:26:00.566 DEBUG 15876 --- [http-nio-8005-exec-2] cn.edu.scujcc.api.ChannelController      : Channel [id=5ea7f2e4a342e17571c34e86, title=山东教育, quality=4k, url=http://ivi.bupt.edu.cn/hls/sdetv.m3u8]
2020-04-28 17:34:33.318  INFO 15876 --- [restartedMain] cn.edu.scujcc.DiandianApplication        : Starting DiandianApplication on 憨态可拘 with PID 15876 (E:\spring\project\diandian\bin\main started by 憨态可拘 in E:\spring\project\diandian)
2020-04-28 17:34:33.319 DEBUG 15876 --- [restartedMain] cn.edu.scujcc.DiandianApplication        : Running with Spring Boot v2.2.5.RELEASE, Spring v5.2.4.RELEASE
2020-04-28 17:34:33.319  INFO 15876 --- [restartedMain] cn.edu.scujcc.DiandianApplication        : No active profile set, falling back to default profiles: default
2020-04-28 17:34:33.936  INFO 15876 --- [restartedMain] o.s.web.context.ContextLoader            : Root WebApplicationContext: initialization completed in 608 ms
2020-04-28 17:34:34.193  INFO 15876 --- [restartedMain] cn.edu.scujcc.DiandianApplication        : Started DiandianApplication in 0.976 seconds (JVM running for 1059.344)
2020-04-28 17:34:51.093  INFO 15876 --- [http-nio-8005-exec-1] o.s.web.servlet.DispatcherServlet        : Initializing Servlet 'dispatcherServlet'
2020-04-28 17:34:51.099  INFO 15876 --- [http-nio-8005-exec-1] o.s.web.servlet.DispatcherServlet        : Completed initialization in 5 ms
2020-04-28 17:34:51.126 DEBUG 15876 --- [http-nio-8005-exec-1] cn.edu.scujcc.api.ChannelController      : Channel [id=5ea7f2e4a342e17571c34e86, title=山东教育, quality=4k, url=http://ivi.bupt.edu.cn/hls/sdetv.m3u8]
2020-04-28 17:40:58.168  INFO 25368 --- [Test worker] cn.edu.scujcc.DiandianApplicationTests   : Starting DiandianApplicationTests on ̬ɾ with PID 25368 (started by ̬ɾ in E:\spring\project\diandian)
2020-04-28 17:40:58.177 DEBUG 25368 --- [Test worker] cn.edu.scujcc.DiandianApplicationTests   : Running with Spring Boot v2.2.5.RELEASE, Spring v5.2.4.RELEASE
2020-04-28 17:40:58.179  INFO 25368 --- [Test worker] cn.edu.scujcc.DiandianApplicationTests   : No active profile set, falling back to default profiles: default
2020-04-28 17:41:04.206  INFO 25368 --- [Test worker] cn.edu.scujcc.DiandianApplicationTests   : Started DiandianApplicationTests in 6.655 seconds (JVM running for 11.145)
2020-04-28 21:02:16.082  INFO 16672 --- [Test worker] cn.edu.scujcc.DiandianApplicationTests   : Starting DiandianApplicationTests on ̬ɾ with PID 16672 (started by ̬ɾ in E:\spring\project\diandian)
2020-04-28 21:02:16.085 DEBUG 16672 --- [Test worker] cn.edu.scujcc.DiandianApplicationTests   : Running with Spring Boot v2.2.5.RELEASE, Spring v5.2.4.RELEASE
2020-04-28 21:02:16.086  INFO 16672 --- [Test worker] cn.edu.scujcc.DiandianApplicationTests   : No active profile set, falling back to default profiles: default
2020-04-28 21:02:19.164  INFO 16672 --- [Test worker] cn.edu.scujcc.DiandianApplicationTests   : Started DiandianApplicationTests in 3.386 seconds (JVM running for 5.447)
2020-04-28 21:38:08.241  INFO 20728 --- [Test worker] cn.edu.scujcc.DiandianApplicationTests   : Starting DiandianApplicationTests on ̬ɾ with PID 20728 (started by ̬ɾ in E:\spring\project\diandian)
2020-04-28 21:38:08.245 DEBUG 20728 --- [Test worker] cn.edu.scujcc.DiandianApplicationTests   : Running with Spring Boot v2.2.5.RELEASE, Spring v5.2.4.RELEASE
2020-04-28 21:38:08.246  INFO 20728 --- [Test worker] cn.edu.scujcc.DiandianApplicationTests   : No active profile set, falling back to default profiles: default
2020-04-28 21:38:10.594  INFO 20728 --- [Test worker] cn.edu.scujcc.DiandianApplicationTests   : Started DiandianApplicationTests in 2.619 seconds (JVM running for 4.615)
2020-04-28 21:43:01.881  INFO 25272 --- [Test worker] cn.edu.scujcc.DiandianApplicationTests   : Starting DiandianApplicationTests on ̬ɾ with PID 25272 (started by ̬ɾ in E:\spring\project\diandian)
2020-04-28 21:43:01.884 DEBUG 25272 --- [Test worker] cn.edu.scujcc.DiandianApplicationTests   : Running with Spring Boot v2.2.5.RELEASE, Spring v5.2.4.RELEASE
2020-04-28 21:43:01.885  INFO 25272 --- [Test worker] cn.edu.scujcc.DiandianApplicationTests   : No active profile set, falling back to default profiles: default
2020-04-28 21:43:04.219  INFO 25272 --- [Test worker] cn.edu.scujcc.DiandianApplicationTests   : Started DiandianApplicationTests in 2.606 seconds (JVM running for 4.658)
2020-04-28 21:52:25.781  INFO 24472 --- [Test worker] cn.edu.scujcc.DiandianApplicationTests   : Starting DiandianApplicationTests on ̬ɾ with PID 24472 (started by ̬ɾ in E:\spring\project\diandian)
2020-04-28 21:52:25.785 DEBUG 24472 --- [Test worker] cn.edu.scujcc.DiandianApplicationTests   : Running with Spring Boot v2.2.5.RELEASE, Spring v5.2.4.RELEASE
2020-04-28 21:52:25.785  INFO 24472 --- [Test worker] cn.edu.scujcc.DiandianApplicationTests   : No active profile set, falling back to default profiles: default
2020-04-28 21:52:28.346  INFO 24472 --- [Test worker] cn.edu.scujcc.DiandianApplicationTests   : Started DiandianApplicationTests in 2.825 seconds (JVM running for 4.877)
2020-04-28 23:41:13.840  INFO 4012 --- [Test worker] cn.edu.scujcc.DiandianApplicationTests   : Starting DiandianApplicationTests on ̬ɾ with PID 4012 (started by ̬ɾ in E:\spring\project\diandian)
2020-04-28 23:41:13.843 DEBUG 4012 --- [Test worker] cn.edu.scujcc.DiandianApplicationTests   : Running with Spring Boot v2.2.5.RELEASE, Spring v5.2.4.RELEASE
2020-04-28 23:41:13.844  INFO 4012 --- [Test worker] cn.edu.scujcc.DiandianApplicationTests   : No active profile set, falling back to default profiles: default
2020-04-28 23:41:16.221  INFO 4012 --- [Test worker] cn.edu.scujcc.DiandianApplicationTests   : Started DiandianApplicationTests in 2.64 seconds (JVM running for 4.843)
